2021-01-17 03:39:20,944 - 45616 - __main__ - DEBUG - This is a debug message
2021-01-17 03:39:20,944 - 45616 - __main__ - INFO - This is an info message
2021-01-17 03:39:20,944 - 45616 - __main__ - WARNING - This is a warning message
2021-01-17 03:39:20,944 - 45616 - __main__ - ERROR - This is an error message
2021-01-17 03:39:20,944 - 45616 - __main__ - CRITICAL - This is a critical messgecd ..

2021-01-17 05:41:02,884 - 56959 - __main__ - DEBUG - This is a debug message
2021-01-17 05:41:02,884 - 56959 - __main__ - INFO - This is an info message
2021-01-17 05:41:02,885 - 56959 - __main__ - WARNING - This is a warning message
2021-01-17 05:41:02,885 - 56959 - __main__ - ERROR - This is an error message
2021-01-17 05:41:02,885 - 56959 - __main__ - CRITICAL - This is a critical messge
2021-01-17 05:48:45,156 - 57855 - __main__ - DEBUG - This is a debug message
2021-01-17 05:48:45,157 - 57855 - __main__ - INFO - This is an info message
2021-01-17 05:48:45,157 - 57855 - __main__ - WARNING - This is a warning message
2021-01-17 05:48:45,157 - 57855 - __main__ - ERROR - This is an error message
2021-01-17 05:48:45,157 - 57855 - __main__ - CRITICAL - This is a critical messge
2021-01-18 16:05:29,145 - 99132 - __main__ - DEBUG - This is a debug message
2021-01-18 16:05:29,145 - 99132 - __main__ - INFO - This is an info message
2021-01-18 16:05:29,145 - 99132 - __main__ - WARNING - This is a warning message
2021-01-18 16:05:29,146 - 99132 - __main__ - ERROR - This is an error message
2021-01-18 16:05:29,146 - 99132 - __main__ - CRITICAL - This is a critical messge
2021-01-18 16:33:09,999 - 2553 - __main__ - DEBUG - This is a debug message
2021-01-18 16:33:09,999 - 2553 - __main__ - INFO - This is an info message
2021-01-18 16:33:09,999 - 2553 - __main__ - WARNING - This is a warning message
2021-01-18 16:33:09,999 - 2553 - __main__ - ERROR - This is an error message
2021-01-18 16:33:09,999 - 2553 - __main__ - CRITICAL - This is a critical messge
2021-01-18 16:34:14,825 - 2630 - __main__ - INFO - This is an info message
2021-01-18 16:34:14,825 - 2630 - __main__ - WARNING - This is a warning message
2021-01-18 16:34:14,826 - 2630 - __main__ - ERROR - This is an error message
2021-01-18 16:34:14,826 - 2630 - __main__ - CRITICAL - This is a critical messge
2021-01-18 16:35:17,064 - 2761 - __main__ - DEBUG - This is a debug message
2021-01-18 16:35:17,065 - 2761 - __main__ - INFO - This is an info message
2021-01-18 16:35:17,065 - 2761 - __main__ - WARNING - This is a warning message
2021-01-18 16:35:17,065 - 2761 - __main__ - ERROR - This is an error message
2021-01-18 16:35:17,065 - 2761 - __main__ - CRITICAL - This is a critical messge
2021-01-19 11:56:44,329 - 21315 - __main__ - DEBUG - This is a debug message
2021-01-19 11:56:44,330 - 21315 - __main__ - INFO - This is an info message
2021-01-19 11:56:44,330 - 21315 - __main__ - WARNING - This is a warning message
2021-01-19 11:56:44,330 - 21315 - __main__ - ERROR - This is an error message
2021-01-19 11:56:44,330 - 21315 - __main__ - CRITICAL - This is a critical messge
2021-01-29 15:27:02,840 - 69636 - __main__ - DEBUG - This is a debug message
2021-01-29 15:27:02,840 - 69636 - __main__ - INFO - This is an info message
2021-01-29 15:27:02,840 - 69636 - __main__ - WARNING - This is a warning message
2021-01-29 15:27:02,841 - 69636 - __main__ - ERROR - This is an error message
2021-01-29 15:27:02,841 - 69636 - __main__ - CRITICAL - This is a critical messge
2021-01-29 15:30:43,748 - 69903 - __main__ - DEBUG - This is a debug message
2021-01-29 15:30:43,748 - 69903 - __main__ - INFO - This is an info message
2021-01-29 15:30:43,748 - 69903 - __main__ - WARNING - This is a warning message
2021-01-29 15:30:43,748 - 69903 - __main__ - ERROR - This is an error message
2021-01-29 15:30:43,748 - 69903 - __main__ - CRITICAL - This is a critical messge
